<?xml version="1.0" encoding="UTF-8"?>
<!-- Generated by org.testng.reporters.JUnitReportReporter -->
<testsuite skipped="1" hostname="EC2AMAZ-J5GP1U8" name="task1.TestingTestNG" tests="2" failures="0" timestamp="2021-07-21T05:59:06 UTC" time="0.010" errors="0">
  <testcase name="testcase1" time="0.010" classname="task1.TestingTestNG"/>
  <system-out/>
  <testcase name="testcase2" classname="task1.TestingTestNG">
    <skipped/>
  </testcase> <!-- testcase2 -->
  <system-out/>
</testsuite> <!-- task1.TestingTestNG -->
